Bringing machine 'webserver' up with 'virtualbox' provider...
Bringing machine 'client' up with 'virtualbox' provider...
==> webserver: Importing base box 'ubuntu/trusty64'...
[KProgress: 90%[K==> webserver: Matching MAC address for NAT networking...
==> webserver: Checking if box 'ubuntu/trusty64' version '20191107.0.0' is up to date...
==> webserver: Setting the name of the VM: webserver
==> webserver: Clearing any previously set forwarded ports...
==> webserver: Clearing any previously set network interfaces...
==> webserver: Preparing network interfaces based on configuration...
    webserver: Adapter 1: nat
    webserver: Adapter 2: hostonly
==> webserver: Forwarding ports...
    webserver: 80 (guest) => 8080 (host) (adapter 1)
    webserver: 22 (guest) => 2222 (host) (adapter 1)
==> webserver: Running 'pre-boot' VM customizations...
==> webserver: Booting VM...
==> webserver: Waiting for machine to boot. This may take a few minutes...
    webserver: SSH address: 127.0.0.1:2222
    webserver: SSH username: vagrant
    webserver: SSH auth method: private key
==> webserver: Machine booted and ready!
==> webserver: Checking for guest additions in VM...
    webserver: The guest additions on this VM do not match the installed version of
    webserver: VirtualBox! In most cases this is fine, but in rare cases it can
    webserver: prevent things such as shared folders from working properly. If you see
    webserver: shared folder errors, please make sure the guest additions within the
    webserver: virtual machine match the version of VirtualBox you have installed on
    webserver: your host and reload your VM.
    webserver: 
    webserver: Guest Additions Version: 4.3.40
    webserver: VirtualBox Version: 7.0
==> webserver: Setting hostname...
==> webserver: Configuring and enabling network interfaces...
==> webserver: Mounting shared folders...
    webserver: /vagrant => C:/Users/coimb/OneDrive/Ambiente de Trabalho/RC1projectos/multinode
==> webserver: Running provisioner: shell...
    webserver: Running: C:/Users/coimb/AppData/Local/Temp/vagrant-shell20241103-19364-e9i8lm.sh
    webserver: Get:1 http://security.ubuntu.com trusty-security InRelease [56.5 kB]
    webserver: Ign http://archive.ubuntu.com trusty InRelease
    webserver: Get:2 http://archive.ubuntu.com trusty-updates InRelease [56.5 kB]
    webserver: Get:3 http://security.ubuntu.com trusty-security/main Sources [254 kB]
    webserver: Get:4 https://esm.ubuntu.com trusty-infra-security InRelease
    webserver: Get:5 http://security.ubuntu.com trusty-security/universe Sources [154 kB]
    webserver: Get:6 https://esm.ubuntu.com trusty-infra-updates InRelease
    webserver: Get:7 https://esm.ubuntu.com trusty-infra-security/main amd64 Packages
    webserver: Get:8 http://security.ubuntu.com trusty-security/main amd64 Packages [702 kB]
    webserver: Get:9 http://archive.ubuntu.com trusty-backports InRelease [56.5 kB]
    webserver: Get:10 http://security.ubuntu.com trusty-security/universe amd64 Packages [387 kB]
    webserver: Get:11 http://security.ubuntu.com trusty-security/main Translation-en [225 kB]
    webserver: Get:12 http://security.ubuntu.com trusty-security/universe Translation-en [156 kB]
    webserver: Hit http://archive.ubuntu.com trusty Release.gpg
    webserver: Get:13 http://archive.ubuntu.com trusty-updates/main Sources [667 kB]
    webserver: Get:14 http://archive.ubuntu.com trusty-updates/restricted Sources [9,490 B]
    webserver: Get:15 http://archive.ubuntu.com trusty-updates/universe Sources [356 kB]
    webserver: Get:16 http://archive.ubuntu.com trusty-updates/multiverse Sources [10.2 kB]
    webserver: Get:17 http://archive.ubuntu.com trusty-updates/main amd64 Packages [1,172 kB]
    webserver: Get:18 https://esm.ubuntu.com trusty-infra-security/main Translation-en_US
    webserver: Get:19 https://esm.ubuntu.com trusty-infra-updates/main Translation-en_US
    webserver: Ign https://esm.ubuntu.com trusty-infra-security/main Translation-en_US
    webserver: Ign https://esm.ubuntu.com trusty-infra-security/main Translation-en
    webserver: Ign https://esm.ubuntu.com trusty-infra-updates/main Translation-en_US
    webserver: Ign https://esm.ubuntu.com trusty-infra-updates/main Translation-en
    webserver: Get:20 http://archive.ubuntu.com trusty-updates/restricted amd64 Packages [23.5 kB]
    webserver: Get:21 http://archive.ubuntu.com trusty-updates/universe amd64 Packages [698 kB]
    webserver: Get:22 http://archive.ubuntu.com trusty-updates/multiverse amd64 Packages [19.1 kB]
    webserver: Get:23 http://archive.ubuntu.com trusty-updates/main Translation-en [348 kB]
    webserver: Get:24 http://archive.ubuntu.com trusty-updates/multiverse Translation-en [7,616 B]
    webserver: Get:25 http://archive.ubuntu.com trusty-updates/restricted Translation-en [4,028 B]
    webserver: Get:26 http://archive.ubuntu.com trusty-updates/universe Translation-en [275 kB]
    webserver: Get:27 http://archive.ubuntu.com trusty-backports/main Sources [13.8 kB]
    webserver: Get:28 http://archive.ubuntu.com trusty-backports/restricted Sources [28 B]
    webserver: Get:29 http://archive.ubuntu.com trusty-backports/universe Sources [53.4 kB]
    webserver: Get:30 http://archive.ubuntu.com trusty-backports/multiverse Sources [2,560 B]
    webserver: Get:31 http://archive.ubuntu.com trusty-backports/main amd64 Packages [17.7 kB]
    webserver: Get:32 http://archive.ubuntu.com trusty-backports/restricted amd64 Packages [28 B]
    webserver: Get:33 http://archive.ubuntu.com trusty-backports/universe amd64 Packages [59.7 kB]
    webserver: Get:34 http://archive.ubuntu.com trusty-backports/multiverse amd64 Packages [1,885 B]
    webserver: Get:35 http://archive.ubuntu.com trusty-backports/main Translation-en [7,503 B]
    webserver: Get:36 http://archive.ubuntu.com trusty-backports/multiverse Translation-en [1,215 B]
    webserver: Get:37 http://archive.ubuntu.com trusty-backports/restricted Translation-en [28 B]
    webserver: Get:38 http://archive.ubuntu.com trusty-backports/universe Translation-en [36.8 kB]
    webserver: Hit http://archive.ubuntu.com trusty Release
    webserver: Get:39 http://archive.ubuntu.com trusty/main Sources [1,064 kB]
    webserver: Get:40 http://archive.ubuntu.com trusty/restricted Sources [5,433 B]
    webserver: Get:41 http://archive.ubuntu.com trusty/universe Sources [6,399 kB]
    webserver: Get:42 http://archive.ubuntu.com trusty/multiverse Sources [174 kB]
    webserver: Hit http://archive.ubuntu.com trusty/main amd64 Packages
    webserver: Hit http://archive.ubuntu.com trusty/restricted amd64 Packages
    webserver: Hit http://archive.ubuntu.com trusty/universe amd64 Packages
    webserver: Hit http://archive.ubuntu.com trusty/multiverse amd64 Packages
    webserver: Hit http://archive.ubuntu.com trusty/main Translation-en
    webserver: Hit http://archive.ubuntu.com trusty/multiverse Translation-en
    webserver: Hit http://archive.ubuntu.com trusty/restricted Translation-en
    webserver: Hit http://archive.ubuntu.com trusty/universe Translation-en
    webserver: Ign http://archive.ubuntu.com trusty/main Translation-en_US
    webserver: Ign http://archive.ubuntu.com trusty/multiverse Translation-en_US
    webserver: Ign http://archive.ubuntu.com trusty/restricted Translation-en_US
    webserver: Ign http://archive.ubuntu.com trusty/universe Translation-en_US
    webserver: Fetched 14.4 MB in 1min 38s (146 kB/s)
    webserver: Reading package lists...
    webserver: Reading package lists...
    webserver: Building dependency tree...
    webserver: Reading state information...
    webserver: The following extra packages will be installed:
    webserver:   apache2-bin apache2-data libapr1 libaprutil1 libaprutil1-dbd-sqlite3
    webserver:   libaprutil1-ldap ssl-cert
    webserver: Suggested packages:
    webserver:   apache2-doc apache2-suexec-pristine apache2-suexec-custom apache2-utils
    webserver:   openssl-blacklist
    webserver: The following NEW packages will be installed:
    webserver:   apache2 apache2-bin apache2-data libapr1 libaprutil1 libaprutil1-dbd-sqlite3
    webserver:   libaprutil1-ldap ssl-cert
    webserver: 0 upgraded, 8 newly installed, 0 to remove and 1 not upgraded.
    webserver: Need to get 1,289 kB of archives.
    webserver: After this operation, 5,369 kB of additional disk space will be used.
    webserver: Get:1 http://archive.ubuntu.com/ubuntu/ trusty/main libapr1 amd64 1.5.0-1 [85.1 kB]
    webserver: Get:2 http://archive.ubuntu.com/ubuntu/ trusty/main libaprutil1 amd64 1.5.3-1 [76.4 kB]
    webserver: Get:3 http://archive.ubuntu.com/ubuntu/ trusty/main libaprutil1-dbd-sqlite3 amd64 1.5.3-1 [10.5 kB]
    webserver: Get:4 http://archive.ubuntu.com/ubuntu/ trusty/main libaprutil1-ldap amd64 1.5.3-1 [8,634 B]
    webserver: Get:5 http://archive.ubuntu.com/ubuntu/ trusty-updates/main apache2-bin amd64 2.4.7-1ubuntu4.22 [845 kB]
    webserver: Get:6 http://archive.ubuntu.com/ubuntu/ trusty-updates/main apache2-data all 2.4.7-1ubuntu4.22 [160 kB]
    webserver: Get:7 http://archive.ubuntu.com/ubuntu/ trusty-updates/main apache2 amd64 2.4.7-1ubuntu4.22 [87.4 kB]
    webserver: Get:8 http://archive.ubuntu.com/ubuntu/ trusty/main ssl-cert all 1.0.33 [16.6 kB]
    webserver: dpkg-preconfigure: unable to re-open stdin: No such file or directory
    webserver: Fetched 1,289 kB in 26s (49.4 kB/s)
    webserver: Selecting previously unselected package libapr1:amd64.
    webserver: (Reading database ... 63238 files and directories currently installed.)
    webserver: Preparing to unpack .../libapr1_1.5.0-1_amd64.deb ...
    webserver: Unpacking libapr1:amd64 (1.5.0-1) ...
    webserver: Selecting previously unselected package libaprutil1:amd64.
    webserver: Preparing to unpack .../libaprutil1_1.5.3-1_amd64.deb ...
    webserver: Unpacking libaprutil1:amd64 (1.5.3-1) ...
    webserver: Selecting previously unselected package libaprutil1-dbd-sqlite3:amd64.
    webserver: Preparing to unpack .../libaprutil1-dbd-sqlite3_1.5.3-1_amd64.deb ...
    webserver: Unpacking libaprutil1-dbd-sqlite3:amd64 (1.5.3-1) ...
    webserver: Selecting previously unselected package libaprutil1-ldap:amd64.
    webserver: Preparing to unpack .../libaprutil1-ldap_1.5.3-1_amd64.deb ...
    webserver: Unpacking libaprutil1-ldap:amd64 (1.5.3-1) ...
    webserver: Selecting previously unselected package apache2-bin.
    webserver: Preparing to unpack .../apache2-bin_2.4.7-1ubuntu4.22_amd64.deb ...
    webserver: Unpacking apache2-bin (2.4.7-1ubuntu4.22) ...
    webserver: Selecting previously unselected package apache2-data.
    webserver: Preparing to unpack .../apache2-data_2.4.7-1ubuntu4.22_all.deb ...
    webserver: Unpacking apache2-data (2.4.7-1ubuntu4.22) ...
    webserver: Selecting previously unselected package apache2.
    webserver: Preparing to unpack .../apache2_2.4.7-1ubuntu4.22_amd64.deb ...
    webserver: Unpacking apache2 (2.4.7-1ubuntu4.22) ...
    webserver: Selecting previously unselected package ssl-cert.
    webserver: Preparing to unpack .../ssl-cert_1.0.33_all.deb ...
    webserver: Unpacking ssl-cert (1.0.33) ...
    webserver: Processing triggers for man-db (2.6.7.1-1ubuntu1) ...
    webserver: Processing triggers for ufw (0.34~rc-0ubuntu2) ...
    webserver: Processing triggers for ureadahead (0.100.0-16) ...
    webserver: Setting up libapr1:amd64 (1.5.0-1) ...
    webserver: Setting up libaprutil1:amd64 (1.5.3-1) ...
    webserver: Setting up libaprutil1-dbd-sqlite3:amd64 (1.5.3-1) ...
    webserver: Setting up libaprutil1-ldap:amd64 (1.5.3-1) ...
    webserver: Setting up apache2-bin (2.4.7-1ubuntu4.22) ...
    webserver: Setting up apache2-data (2.4.7-1ubuntu4.22) ...
    webserver: Setting up apache2 (2.4.7-1ubuntu4.22) ...
    webserver: Enabling module mpm_event.
    webserver: Enabling module authz_core.
    webserver: Enabling module authz_host.
    webserver: Enabling module authn_core.
    webserver: Enabling module auth_basic.
    webserver: Enabling module access_compat.
    webserver: Enabling module authn_file.
    webserver: Enabling module authz_user.
    webserver: Enabling module alias.
    webserver: Enabling module dir.
    webserver: Enabling module autoindex.
    webserver: Enabling module env.
    webserver: Enabling module mime.
    webserver: Enabling module negotiation.
    webserver: Enabling module setenvif.
    webserver: Enabling module filter.
    webserver: Enabling module deflate.
    webserver: Enabling module status.
    webserver: Enabling conf charset.
    webserver: Enabling conf localized-error-pages.
    webserver: Enabling conf other-vhosts-access-log.
    webserver: Enabling conf security.
    webserver: Enabling conf serve-cgi-bin.
    webserver: Enabling site 000-default.
    webserver:  * Starting web server apache2
    webserver: AH00558: apache2: Could not reliably determine the server's fully qualified domain name, using 127.0.1.1. Set the 'ServerName' directive globally to suppress this message
    webserver:  *
    webserver: Setting up ssl-cert (1.0.33) ...
    webserver: Processing triggers for libc-bin (2.19-0ubuntu6.15) ...
    webserver: Processing triggers for ufw (0.34~rc-0ubuntu2) ...
    webserver: Processing triggers for ureadahead (0.100.0-16) ...
    webserver:  * Restarting web server apache2
    webserver: AH00558: apache2: Could not reliably determine the server's fully qualified domain name, using 127.0.1.1. Set the 'ServerName' directive globally to suppress this message
    webserver:    ...done.
==> client: Importing base box 'ubuntu/trusty64'...
[KProgress: 90%[K==> client: Matching MAC address for NAT networking...
==> client: Checking if box 'ubuntu/trusty64' version '20191107.0.0' is up to date...
==> client: Setting the name of the VM: client
==> client: Clearing any previously set forwarded ports...
==> client: Fixed port collision for 22 => 2222. Now on port 2200.
==> client: Clearing any previously set network interfaces...
==> client: Preparing network interfaces based on configuration...
    client: Adapter 1: nat
    client: Adapter 2: hostonly
==> client: Forwarding ports...
    client: 22 (guest) => 2200 (host) (adapter 1)
==> client: Running 'pre-boot' VM customizations...
==> client: Booting VM...
==> client: Waiting for machine to boot. This may take a few minutes...
    client: SSH address: 127.0.0.1:2200
    client: SSH username: vagrant
    client: SSH auth method: private key
==> client: Machine booted and ready!
==> client: Checking for guest additions in VM...
    client: The guest additions on this VM do not match the installed version of
    client: VirtualBox! In most cases this is fine, but in rare cases it can
    client: prevent things such as shared folders from working properly. If you see
    client: shared folder errors, please make sure the guest additions within the
    client: virtual machine match the version of VirtualBox you have installed on
    client: your host and reload your VM.
    client: 
    client: Guest Additions Version: 4.3.40
    client: VirtualBox Version: 7.0
==> client: Setting hostname...
==> client: Configuring and enabling network interfaces...
==> client: Mounting shared folders...
    client: /vagrant => C:/Users/coimb/OneDrive/Ambiente de Trabalho/RC1projectos/multinode
